
> docs@1.0.0 build
> next build

[1G[0K  [1m[38;2;173;127;168m ▲ Next.js 14.1.4[39m[22m

 [37m[1m [22m[39m Creating an optimized production build ...
 [32m[1m✓[22m[39m Compiled successfully
[?25l [37m[1m [22m[39m Linting and checking validity of types  [36m.[39m[2K[1G [37m[1m [22m[39m Linting and checking validity of types  [36m..[39m[2K[1G [37m[1m [22m[39m Linting and checking validity of types  [36m...[39m[2K[1G [37m[1m [22m[39m Linting and checking validity of types  [36m.[39m[2K[1G [37m[1m [22m[39m Linting and checking validity of types  [36m..[39m[2K[1G [37m[1m [22m[39m Linting and checking validity of types  [36m...[39m[2K[1G [37m[1m [22m[39m Linting and checking validity of types  [36m.[39m[2K[1G [37m[1m [22m[39m Linting and checking validity of types  [36m..[39m[2K[1G [37m[1m [22m[39m Linting and checking validity of types  [36m...[39m[2K[1G [37m[1m [22m[39m Linting and checking validity of types  [36m.[39m[2K[1G [37m[1m [22m[39m Linting and checking validity of types  [36m..[39m[2K[1G[?25h
[36m./app/lib/auth.ts[39m
[33m56[39m:[33m13[39m  [33m[1mWarning[22m[39m: JWT_SECRET is not listed as a dependency in turbo.json  [90m[1mturbo/no-undeclared-env-vars[22m[39m

[36m./components/AddMoneyCard.tsx[39m
[33m4[39m:[33m10[39m  [33m[1mWarning[22m[39m: 'Center' is defined but never used.  [90m[1mno-unused-vars[22m[39m

[36minfo[39m  - Need to disable some ESLint rules? Learn more here: https://nextjs.org/docs/basic-features/eslint#disabling-rules
[?25l [37m[1m [22m[39m Linting and checking validity of types  [36m.[39m[2K[1G[?25h [37m[1m [22m[39m Linting and checking validity of types     [32m[1m✓[22m[39m Linting and checking validity of types 
[?25l [37m[1m [22m[39m Collecting page data  [36m.[39m[2K[1G [37m[1m [22m[39m Collecting page data  [36m..[39m[2K[1G [37m[1m [22m[39m Collecting page data  [36m...[39m[2K[1G[?25h [37m[1m [22m[39m Collecting page data     [32m[1m✓[22m[39m Collecting page data 
[?25l [37m[1m [22m[39m Generating static pages (0/10)  [36m[    ][39m[2K[1G [37m[1m [22m[39m Generating static pages (0/10)  [36m[=   ][39m  [37m[1m [22m[39m Generating static pages (9/10) 
[2K[1G[1A[2K[1G[?25h [32m[1m✓[22m[39m Generating static pages (10/10) 
[?25l [37m[1m [22m[39m Finalizing page optimization  [36m.[39m[?25l [37m[1m [22m[39m Collecting build traces  [36m.[39m[2K[1G [37m[1m [22m[39m Finalizing page optimization  [36m..[39m[2K[1G [37m[1m [22m[39m Collecting build traces  [36m..[39m[2K[1G [37m[1m [22m[39m Finalizing page optimization  [36m...[39m[2K[1G [37m[1m [22m[39m Collecting build traces  [36m...[39m[2K[1G [37m[1m [22m[39m Finalizing page optimization  [36m.[39m[2K[1G [37m[1m [22m[39m Collecting build traces  [36m.[39m[2K[1G [37m[1m [22m[39m Finalizing page optimization  [36m..[39m[2K[1G [37m[1m [22m[39m Collecting build traces  [36m..[39m[2K[1G [37m[1m [22m[39m Finalizing page optimization  [36m...[39m[2K[1G [37m[1m [22m[39m Collecting build traces  [36m...[39m[2K[1G [37m[1m [22m[39m Finalizing page optimization  [36m.[39m[2K[1G [37m[1m [22m[39m Collecting build traces  [36m.[39m[2K[1G [37m[1m [22m[39m Finalizing page optimization  [36m..[39m[2K[1G [37m[1m [22m[39m Collecting build traces  [36m..[39m[2K[1G [37m[1m [22m[39m Finalizing page optimization  [36m...[39m[2K[1G [37m[1m [22m[39m Collecting build traces  [36m...[39m[2K[1G [37m[1m [22m[39m Finalizing page optimization  [36m.[39m[2K[1G [37m[1m [22m[39m Collecting build traces  [36m.[39m[2K[1G [37m[1m [22m[39m Finalizing page optimization  [36m..[39m[2K[1G [37m[1m [22m[39m Collecting build traces  [36m..[39m[2K[1G [37m[1m [22m[39m Finalizing page optimization  [36m...[39m[2K[1G [37m[1m [22m[39m Collecting build traces  [36m...[39m[2K[1G [37m[1m [22m[39m Finalizing page optimization  [36m.[39m[2K[1G [37m[1m [22m[39m Collecting build traces  [36m.[39m[2K[1G [37m[1m [22m[39m Finalizing page optimization  [36m..[39m[2K[1G [37m[1m [22m[39m Collecting build traces  [36m..[39m[2K[1G[?25h [37m[1m [22m[39m Collecting build traces     [32m[1m✓[22m[39m Collecting build traces 
[2K[1G[?25h [37m[1m [22m[39m Finalizing page optimization     [32m[1m✓[22m[39m Finalizing page optimization 

[4mRoute (app)[24m                              [4mSize[24m     [4mFirst Load JS[24m
┌ λ /                                    146 B          [37m[1m84.5 kB[22m[39m
├ ○ /_not-found                          881 B          [37m[1m85.3 kB[22m[39m
├ λ /api/auth/[...nextauth]              0 B                [37m[1m0 B[22m[39m
├ λ /api/user                            0 B                [37m[1m0 B[22m[39m
├ ○ /dashboard                           146 B          [37m[1m84.5 kB[22m[39m
├ ○ /p2p                                 1.01 kB        [37m[1m85.4 kB[22m[39m
├ ○ /transactions                        146 B          [37m[1m84.5 kB[22m[39m
└ λ /transfer                            1.24 kB        [37m[1m85.6 kB[22m[39m
+ First Load JS shared by all            [37m[1m84.4 kB[22m[39m
  ├ chunks/1dd3208c-08aa46e5b0326fc6.js  53.4 kB
  ├ chunks/997-95fea116fdcf3366.js       29 kB
  └ other shared chunks (total)          1.96 kB


○  (Static)   prerendered as static content
λ  (Dynamic)  server-rendered on demand using Node.js

[?25h[1G[0K⠙[1G[0K
